> Task :compileJava
> Task :processResources NO-SOURCE
> Task :classes
> Task :jar
> Task :assemble
> Task :compileTestJava
> Task :processTestResources NO-SOURCE
> Task :testClasses

> Task :test

SubmissionTest1 > TestBakery_BoundedTimeLocking() PASSED

SubmissionTest1 > TestBakery_NoMoreThan1() PASSED

SubmissionTest1 > TestBinaryTreePeterson_BoundedTimeLocking() PASSED

SubmissionTest1 > TestLBakery_Atleast1() PASSED

SubmissionTest1 > TestLBakery_AtleastL() PASSED

SubmissionTest1 > TestLBakery_NoMoreThanL() PASSED

SubmissionTest1 > TestFilter_NoMoreThan1() PASSED

SubmissionTest1 > TestBinaryTreePeterson_NoMoreThan1() PASSED

SubmissionTest2 > TestTest2_Bakery() PASSED

SubmissionTest2 > TestTest2_Filter() PASSED

SubmissionTest2 > TestTest2_Bakery_8Thread() PASSED

SubmissionTest2 > TestTest2_Filter_8Thread() PASSED

SubmissionTest2 > TestTest2_TreePeterson() PASSED

SubmissionTest2 > TestTest2_TreePeterson_8Thread() PASSED

SubmissionTest2 > TestTest2_Peterson() PASSED

Test result: SUCCESS
Test summary: 15 tests completed, 15 succeeded, 0 failed, 0 skipped

> Task :check
> Task :build

Deprecated Gradle features were used in this build, making it incompatible with Gradle 9.0.

You can use '--warning-mode all' to show the individual deprecation warnings and determine if they come from your own scripts or plugins.

For more on this, please refer to https://docs.gradle.org/8.8/userguide/command_line_interface.html#sec:command_line_warnings in the Gradle documentation.

BUILD SUCCESSFUL in 6s
4 actionable tasks: 4 executed
